Performing C SOURCE FILE Test CMAKE_HAVE_LIBC_PTHREAD failed with the following output:
Change Dir: /home/guira/Bureau/master1_s1/HAI714I-Modelisation-et-geometrie-discrete/TP/HAI714I_TP6/gmap_exercise-master/build/CMakeFiles/CMakeTmp

Run Build Command(s):/usr/bin/make cmTC_1750c/fast && /usr/bin/make -f CMakeFiles/cmTC_1750c.dir/build.make CMakeFiles/cmTC_1750c.dir/build
make[1] : on entre dans le répertoire « /home/guira/Bureau/master1_s1/HAI714I-Modelisation-et-geometrie-discrete/TP/HAI714I_TP6/gmap_exercise-master/build/CMakeFiles/CMakeTmp »
Building C object CMakeFiles/cmTC_1750c.dir/src.c.o
/usr/bin/cc   -DCMAKE_HAVE_LIBC_PTHREAD   -o CMakeFiles/cmTC_1750c.dir/src.c.o   -c /home/guira/Bureau/master1_s1/HAI714I-Modelisation-et-geometrie-discrete/TP/HAI714I_TP6/gmap_exercise-master/build/CMakeFiles/CMakeTmp/src.c
Linking C executable cmTC_1750c
/usr/bin/cmake -E cmake_link_script CMakeFiles/cmTC_1750c.dir/link.txt --verbose=1
/usr/bin/cc  -DCMAKE_HAVE_LIBC_PTHREAD    -rdynamic CMakeFiles/cmTC_1750c.dir/src.c.o  -o cmTC_1750c 
/usr/bin/ld : CMakeFiles/cmTC_1750c.dir/src.c.o : dans la fonction « main » :
src.c:(.text+0x46) : référence indéfinie vers « pthread_create »
/usr/bin/ld : src.c:(.text+0x52) : référence indéfinie vers « pthread_detach »
/usr/bin/ld : src.c:(.text+0x63) : référence indéfinie vers « pthread_join »
collect2: error: ld returned 1 exit status
make[1]: *** [CMakeFiles/cmTC_1750c.dir/build.make:87 : cmTC_1750c] Erreur 1
make[1] : on quitte le répertoire « /home/guira/Bureau/master1_s1/HAI714I-Modelisation-et-geometrie-discrete/TP/HAI714I_TP6/gmap_exercise-master/build/CMakeFiles/CMakeTmp »
make: *** [Makefile:121 : cmTC_1750c/fast] Erreur 2


Source file was:
#include <pthread.h>

void* test_func(void* data)
{
  return data;
}

int main(void)
{
  pthread_t thread;
  pthread_create(&thread, NULL, test_func, NULL);
  pthread_detach(thread);
  pthread_join(thread, NULL);
  pthread_atfork(NULL, NULL, NULL);
  pthread_exit(NULL);

  return 0;
}

Determining if the function pthread_create exists in the pthreads failed with the following output:
Change Dir: /home/guira/Bureau/master1_s1/HAI714I-Modelisation-et-geometrie-discrete/TP/HAI714I_TP6/gmap_exercise-master/build/CMakeFiles/CMakeTmp

Run Build Command(s):/usr/bin/make cmTC_991b1/fast && /usr/bin/make -f CMakeFiles/cmTC_991b1.dir/build.make CMakeFiles/cmTC_991b1.dir/build
make[1] : on entre dans le répertoire « /home/guira/Bureau/master1_s1/HAI714I-Modelisation-et-geometrie-discrete/TP/HAI714I_TP6/gmap_exercise-master/build/CMakeFiles/CMakeTmp »
Building C object CMakeFiles/cmTC_991b1.dir/CheckFunctionExists.c.o
/usr/bin/cc   -DCHECK_FUNCTION_EXISTS=pthread_create   -o CMakeFiles/cmTC_991b1.dir/CheckFunctionExists.c.o   -c /usr/share/cmake-3.16/Modules/CheckFunctionExists.c
Linking C executable cmTC_991b1
/usr/bin/cmake -E cmake_link_script CMakeFiles/cmTC_991b1.dir/link.txt --verbose=1
/usr/bin/cc  -DCHECK_FUNCTION_EXISTS=pthread_create    -rdynamic CMakeFiles/cmTC_991b1.dir/CheckFunctionExists.c.o  -o cmTC_991b1  -lpthreads 
/usr/bin/ld : ne peut trouver -lpthreads
collect2: error: ld returned 1 exit status
make[1]: *** [CMakeFiles/cmTC_991b1.dir/build.make:87 : cmTC_991b1] Erreur 1
make[1] : on quitte le répertoire « /home/guira/Bureau/master1_s1/HAI714I-Modelisation-et-geometrie-discrete/TP/HAI714I_TP6/gmap_exercise-master/build/CMakeFiles/CMakeTmp »
make: *** [Makefile:121 : cmTC_991b1/fast] Erreur 2



Performing C SOURCE FILE Test CMAKE_HAVE_LIBC_PTHREAD failed with the following output:
Change Dir: /home/guira/Bureau/master1_s1/HAI714I-Modelisation-et-geometrie-discrete/TP/HAI714I_TP6/gmap_exercise-master/build/CMakeFiles/CMakeTmp

Run Build Command(s):/usr/bin/make cmTC_ec3bc/fast && /usr/bin/make -f CMakeFiles/cmTC_ec3bc.dir/build.make CMakeFiles/cmTC_ec3bc.dir/build
make[1] : on entre dans le répertoire « /home/guira/Bureau/master1_s1/HAI714I-Modelisation-et-geometrie-discrete/TP/HAI714I_TP6/gmap_exercise-master/build/CMakeFiles/CMakeTmp »
Building C object CMakeFiles/cmTC_ec3bc.dir/src.c.o
/usr/bin/cc   -DCMAKE_HAVE_LIBC_PTHREAD   -o CMakeFiles/cmTC_ec3bc.dir/src.c.o   -c /home/guira/Bureau/master1_s1/HAI714I-Modelisation-et-geometrie-discrete/TP/HAI714I_TP6/gmap_exercise-master/build/CMakeFiles/CMakeTmp/src.c
Linking C executable cmTC_ec3bc
/usr/bin/cmake -E cmake_link_script CMakeFiles/cmTC_ec3bc.dir/link.txt --verbose=1
/usr/bin/cc  -DCMAKE_HAVE_LIBC_PTHREAD    -rdynamic CMakeFiles/cmTC_ec3bc.dir/src.c.o  -o cmTC_ec3bc 
/usr/bin/ld : CMakeFiles/cmTC_ec3bc.dir/src.c.o : dans la fonction « main » :
src.c:(.text+0x46) : référence indéfinie vers « pthread_create »
/usr/bin/ld : src.c:(.text+0x52) : référence indéfinie vers « pthread_detach »
/usr/bin/ld : src.c:(.text+0x63) : référence indéfinie vers « pthread_join »
collect2: error: ld returned 1 exit status
make[1]: *** [CMakeFiles/cmTC_ec3bc.dir/build.make:87 : cmTC_ec3bc] Erreur 1
make[1] : on quitte le répertoire « /home/guira/Bureau/master1_s1/HAI714I-Modelisation-et-geometrie-discrete/TP/HAI714I_TP6/gmap_exercise-master/build/CMakeFiles/CMakeTmp »
make: *** [Makefile:121 : cmTC_ec3bc/fast] Erreur 2


Source file was:
#include <pthread.h>

void* test_func(void* data)
{
  return data;
}

int main(void)
{
  pthread_t thread;
  pthread_create(&thread, NULL, test_func, NULL);
  pthread_detach(thread);
  pthread_join(thread, NULL);
  pthread_atfork(NULL, NULL, NULL);
  pthread_exit(NULL);

  return 0;
}

Determining if the function pthread_create exists in the pthreads failed with the following output:
Change Dir: /home/guira/Bureau/master1_s1/HAI714I-Modelisation-et-geometrie-discrete/TP/HAI714I_TP6/gmap_exercise-master/build/CMakeFiles/CMakeTmp

Run Build Command(s):/usr/bin/make cmTC_a1c08/fast && /usr/bin/make -f CMakeFiles/cmTC_a1c08.dir/build.make CMakeFiles/cmTC_a1c08.dir/build
make[1] : on entre dans le répertoire « /home/guira/Bureau/master1_s1/HAI714I-Modelisation-et-geometrie-discrete/TP/HAI714I_TP6/gmap_exercise-master/build/CMakeFiles/CMakeTmp »
Building C object CMakeFiles/cmTC_a1c08.dir/CheckFunctionExists.c.o
/usr/bin/cc   -DCHECK_FUNCTION_EXISTS=pthread_create   -o CMakeFiles/cmTC_a1c08.dir/CheckFunctionExists.c.o   -c /usr/share/cmake-3.16/Modules/CheckFunctionExists.c
Linking C executable cmTC_a1c08
/usr/bin/cmake -E cmake_link_script CMakeFiles/cmTC_a1c08.dir/link.txt --verbose=1
/usr/bin/cc  -DCHECK_FUNCTION_EXISTS=pthread_create    -rdynamic CMakeFiles/cmTC_a1c08.dir/CheckFunctionExists.c.o  -o cmTC_a1c08  -lpthreads 
/usr/bin/ld : ne peut trouver -lpthreads
collect2: error: ld returned 1 exit status
make[1]: *** [CMakeFiles/cmTC_a1c08.dir/build.make:87 : cmTC_a1c08] Erreur 1
make[1] : on quitte le répertoire « /home/guira/Bureau/master1_s1/HAI714I-Modelisation-et-geometrie-discrete/TP/HAI714I_TP6/gmap_exercise-master/build/CMakeFiles/CMakeTmp »
make: *** [Makefile:121 : cmTC_a1c08/fast] Erreur 2



